2012/09/26 08:49:56 [error] [exception.CException] exception 'CException' with message 'Контроллер IndexController не может найти представление "index".' in /home/Bagration/public_html/dlx_project/framework/web/CController.php:879
Stack trace:
#0 /home/Bagration/public_html/dlx_project/framework/web/CController.php(783): CController->renderPartial('index', NULL, true)
#1 /home/Bagration/public_html/dlx_project/app/frontend/controllers/IndexController.php(10): CController->render('index')
#2 /home/Bagration/public_html/dlx_project/framework/web/actions/CInlineAction.php(50): IndexController->actionIndex()
#3 /home/Bagration/public_html/dlx_project/framework/web/CController.php(309): CInlineAction->runWithParams(Array)
#4 /home/Bagration/public_html/dlx_project/framework/web/CController.php(287): CController->runAction(Object(CInlineAction))
#5 /home/Bagration/public_html/dlx_project/framework/web/CController.php(266): CController->runActionWithFilters(Object(CInlineAction), Array)
#6 /home/Bagration/public_html/dlx_project/framework/web/CWebApplication.php(283): CController->run('')
#7 /home/Bagration/public_html/dlx_project/framework/web/CWebApplication.php(142): CWebApplication->runController('')
#8 /home/Bagration/public_html/dlx_project/framework/base/CApplication.php(162): CWebApplication->processRequest()
#9 /home/Bagration/public_html/dlx_project/www/index.php(27): CApplication->run()
#10 {main}
REQUEST_URI=/favicon.ico
HTTP_REFERER=http://dlx_project/
---
2012/09/26 08:49:56 [error] [exception.CException] exception 'CException' with message 'Контроллер IndexController не может найти представление "index".' in /home/Bagration/public_html/dlx_project/framework/web/CController.php:879
Stack trace:
#0 /home/Bagration/public_html/dlx_project/framework/web/CController.php(783): CController->renderPartial('index', NULL, true)
#1 /home/Bagration/public_html/dlx_project/app/frontend/controllers/IndexController.php(10): CController->render('index')
#2 /home/Bagration/public_html/dlx_project/framework/web/actions/CInlineAction.php(50): IndexController->actionIndex()
#3 /home/Bagration/public_html/dlx_project/framework/web/CController.php(309): CInlineAction->runWithParams(Array)
#4 /home/Bagration/public_html/dlx_project/framework/web/CController.php(287): CController->runAction(Object(CInlineAction))
#5 /home/Bagration/public_html/dlx_project/framework/web/CController.php(266): CController->runActionWithFilters(Object(CInlineAction), Array)
#6 /home/Bagration/public_html/dlx_project/framework/web/CWebApplication.php(283): CController->run('')
#7 /home/Bagration/public_html/dlx_project/framework/web/CWebApplication.php(142): CWebApplication->runController('')
#8 /home/Bagration/public_html/dlx_project/framework/base/CApplication.php(162): CWebApplication->processRequest()
#9 /home/Bagration/public_html/dlx_project/www/index.php(27): CApplication->run()
#10 {main}
REQUEST_URI=/
---
2012/09/26 08:53:42 [error] [exception.CException] exception 'CException' with message 'Директория темы "/home/Bagration/public_html/dlx_project/www/themes" не существует.' in /home/Bagration/public_html/dlx_project/framework/web/CThemeManager.php:111
Stack trace:
#0 /home/Bagration/public_html/dlx_project/framework/web/CThemeManager.php(99): CThemeManager->setBasePath('/home/Bagration...')
#1 /home/Bagration/public_html/dlx_project/framework/web/CThemeManager.php(61): CThemeManager->getBasePath()
#2 /home/Bagration/public_html/dlx_project/framework/web/CWebApplication.php(258): CThemeManager->getTheme('default')
#3 /home/Bagration/public_html/dlx_project/framework/web/CController.php(587): CWebApplication->getTheme()
#4 /home/Bagration/public_html/dlx_project/framework/web/CController.php(868): CController->getViewFile('index')
#5 /home/Bagration/public_html/dlx_project/framework/web/CController.php(783): CController->renderPartial('index', NULL, true)
#6 /home/Bagration/public_html/dlx_project/app/frontend/controllers/IndexController.php(10): CController->render('index')
#7 /home/Bagration/public_html/dlx_project/framework/web/actions/CInlineAction.php(50): IndexController->actionIndex()
#8 /home/Bagration/public_html/dlx_project/framework/web/CController.php(309): CInlineAction->runWithParams(Array)
#9 /home/Bagration/public_html/dlx_project/framework/web/CController.php(287): CController->runAction(Object(CInlineAction))
#10 /home/Bagration/public_html/dlx_project/framework/web/CController.php(266): CController->runActionWithFilters(Object(CInlineAction), Array)
#11 /home/Bagration/public_html/dlx_project/framework/web/CWebApplication.php(283): CController->run('')
#12 /home/Bagration/public_html/dlx_project/framework/web/CWebApplication.php(142): CWebApplication->runController('')
#13 /home/Bagration/public_html/dlx_project/framework/base/CApplication.php(162): CWebApplication->processRequest()
#14 /home/Bagration/public_html/dlx_project/www/index.php(27): CApplication->run()
#15 {main}
REQUEST_URI=/
---
2012/09/26 08:53:42 [error] [exception.CException] exception 'CException' with message 'Директория темы "/home/Bagration/public_html/dlx_project/www/themes" не существует.' in /home/Bagration/public_html/dlx_project/framework/web/CThemeManager.php:111
Stack trace:
#0 /home/Bagration/public_html/dlx_project/framework/web/CThemeManager.php(99): CThemeManager->setBasePath('/home/Bagration...')
#1 /home/Bagration/public_html/dlx_project/framework/web/CThemeManager.php(61): CThemeManager->getBasePath()
#2 /home/Bagration/public_html/dlx_project/framework/web/CWebApplication.php(258): CThemeManager->getTheme('default')
#3 /home/Bagration/public_html/dlx_project/framework/web/CController.php(587): CWebApplication->getTheme()
#4 /home/Bagration/public_html/dlx_project/framework/web/CController.php(868): CController->getViewFile('index')
#5 /home/Bagration/public_html/dlx_project/framework/web/CController.php(783): CController->renderPartial('index', NULL, true)
#6 /home/Bagration/public_html/dlx_project/app/frontend/controllers/IndexController.php(10): CController->render('index')
#7 /home/Bagration/public_html/dlx_project/framework/web/actions/CInlineAction.php(50): IndexController->actionIndex()
#8 /home/Bagration/public_html/dlx_project/framework/web/CController.php(309): CInlineAction->runWithParams(Array)
#9 /home/Bagration/public_html/dlx_project/framework/web/CController.php(287): CController->runAction(Object(CInlineAction))
#10 /home/Bagration/public_html/dlx_project/framework/web/CController.php(266): CController->runActionWithFilters(Object(CInlineAction), Array)
#11 /home/Bagration/public_html/dlx_project/framework/web/CWebApplication.php(283): CController->run('')
#12 /home/Bagration/public_html/dlx_project/framework/web/CWebApplication.php(142): CWebApplication->runController('')
#13 /home/Bagration/public_html/dlx_project/framework/base/CApplication.php(162): CWebApplication->processRequest()
#14 /home/Bagration/public_html/dlx_project/www/index.php(27): CApplication->run()
#15 {main}
REQUEST_URI=/favicon.ico
HTTP_REFERER=http://dlx_project/
---
2012/09/26 08:55:29 [error] [exception.CException] exception 'CException' with message 'Контроллер IndexController не может найти представление "index".' in /home/Bagration/public_html/dlx_project/framework/web/CController.php:879
Stack trace:
#0 /home/Bagration/public_html/dlx_project/framework/web/CController.php(783): CController->renderPartial('index', NULL, true)
#1 /home/Bagration/public_html/dlx_project/app/frontend/controllers/IndexController.php(10): CController->render('index')
#2 /home/Bagration/public_html/dlx_project/framework/web/actions/CInlineAction.php(50): IndexController->actionIndex()
#3 /home/Bagration/public_html/dlx_project/framework/web/CController.php(309): CInlineAction->runWithParams(Array)
#4 /home/Bagration/public_html/dlx_project/framework/web/CController.php(287): CController->runAction(Object(CInlineAction))
#5 /home/Bagration/public_html/dlx_project/framework/web/CController.php(266): CController->runActionWithFilters(Object(CInlineAction), Array)
#6 /home/Bagration/public_html/dlx_project/framework/web/CWebApplication.php(283): CController->run('')
#7 /home/Bagration/public_html/dlx_project/framework/web/CWebApplication.php(142): CWebApplication->runController('')
#8 /home/Bagration/public_html/dlx_project/framework/base/CApplication.php(162): CWebApplication->processRequest()
#9 /home/Bagration/public_html/dlx_project/www/index.php(27): CApplication->run()
#10 {main}
REQUEST_URI=/
---
2012/09/26 08:55:29 [error] [exception.CException] exception 'CException' with message 'Контроллер IndexController не может найти представление "index".' in /home/Bagration/public_html/dlx_project/framework/web/CController.php:879
Stack trace:
#0 /home/Bagration/public_html/dlx_project/framework/web/CController.php(783): CController->renderPartial('index', NULL, true)
#1 /home/Bagration/public_html/dlx_project/app/frontend/controllers/IndexController.php(10): CController->render('index')
#2 /home/Bagration/public_html/dlx_project/framework/web/actions/CInlineAction.php(50): IndexController->actionIndex()
#3 /home/Bagration/public_html/dlx_project/framework/web/CController.php(309): CInlineAction->runWithParams(Array)
#4 /home/Bagration/public_html/dlx_project/framework/web/CController.php(287): CController->runAction(Object(CInlineAction))
#5 /home/Bagration/public_html/dlx_project/framework/web/CController.php(266): CController->runActionWithFilters(Object(CInlineAction), Array)
#6 /home/Bagration/public_html/dlx_project/framework/web/CWebApplication.php(283): CController->run('')
#7 /home/Bagration/public_html/dlx_project/framework/web/CWebApplication.php(142): CWebApplication->runController('')
#8 /home/Bagration/public_html/dlx_project/framework/base/CApplication.php(162): CWebApplication->processRequest()
#9 /home/Bagration/public_html/dlx_project/www/index.php(27): CApplication->run()
#10 {main}
REQUEST_URI=/favicon.ico
HTTP_REFERER=http://dlx_project/
---
2012/09/26 09:14:07 [error] [php] include(Controller.php): failed to open stream: No such file or directory (/home/Bagration/public_html/dlx_project/framework/YiiBase.php:423)
Stack trace:
#0 /home/Bagration/public_html/dlx_project/app/frontend/controllers/IndexController.php(4): spl_autoload_call()
#1 /home/Bagration/public_html/dlx_project/framework/web/CWebApplication.php(355): require()
#2 /home/Bagration/public_html/dlx_project/framework/web/CWebApplication.php(277): CWebApplication->createController()
#3 /home/Bagration/public_html/dlx_project/framework/web/CWebApplication.php(142): CWebApplication->runController()
#4 /home/Bagration/public_html/dlx_project/framework/base/CApplication.php(162): CWebApplication->processRequest()
#5 /home/Bagration/public_html/dlx_project/www/index.php(27): CWebApplication->run()
REQUEST_URI=/favicon.ico
in /home/Bagration/public_html/dlx_project/app/frontend/controllers/IndexController.php (4)
in /home/Bagration/public_html/dlx_project/www/index.php (27)
2012/09/26 09:16:02 [error] [php] include(Controller.php): failed to open stream: No such file or directory (/home/Bagration/public_html/dlx_project/framework/YiiBase.php:423)
Stack trace:
#0 /home/Bagration/public_html/dlx_project/app/frontend/controllers/IndexController.php(4): spl_autoload_call()
#1 /home/Bagration/public_html/dlx_project/framework/web/CWebApplication.php(355): require()
#2 /home/Bagration/public_html/dlx_project/framework/web/CWebApplication.php(277): CWebApplication->createController()
#3 /home/Bagration/public_html/dlx_project/framework/web/CWebApplication.php(142): CWebApplication->runController()
#4 /home/Bagration/public_html/dlx_project/framework/base/CApplication.php(162): CWebApplication->processRequest()
#5 /home/Bagration/public_html/dlx_project/www/index.php(27): CWebApplication->run()
REQUEST_URI=/favicon.ico
in /home/Bagration/public_html/dlx_project/app/frontend/controllers/IndexController.php (4)
in /home/Bagration/public_html/dlx_project/www/index.php (27)
2012/09/26 09:16:04 [error] [php] include(Controller.php): failed to open stream: No such file or directory (/home/Bagration/public_html/dlx_project/framework/YiiBase.php:423)
Stack trace:
#0 /home/Bagration/public_html/dlx_project/app/frontend/controllers/IndexController.php(4): spl_autoload_call()
#1 /home/Bagration/public_html/dlx_project/framework/web/CWebApplication.php(355): require()
#2 /home/Bagration/public_html/dlx_project/framework/web/CWebApplication.php(277): CWebApplication->createController()
#3 /home/Bagration/public_html/dlx_project/framework/web/CWebApplication.php(142): CWebApplication->runController()
#4 /home/Bagration/public_html/dlx_project/framework/base/CApplication.php(162): CWebApplication->processRequest()
#5 /home/Bagration/public_html/dlx_project/www/index.php(27): CWebApplication->run()
REQUEST_URI=/favicon.ico
in /home/Bagration/public_html/dlx_project/app/frontend/controllers/IndexController.php (4)
in /home/Bagration/public_html/dlx_project/www/index.php (27)
2012/09/26 09:16:04 [error] [php] include(Controller.php): failed to open stream: No such file or directory (/home/Bagration/public_html/dlx_project/framework/YiiBase.php:423)
Stack trace:
#0 /home/Bagration/public_html/dlx_project/app/frontend/controllers/IndexController.php(4): spl_autoload_call()
#1 /home/Bagration/public_html/dlx_project/framework/web/CWebApplication.php(355): require()
#2 /home/Bagration/public_html/dlx_project/framework/web/CWebApplication.php(277): CWebApplication->createController()
#3 /home/Bagration/public_html/dlx_project/framework/web/CWebApplication.php(142): CWebApplication->runController()
#4 /home/Bagration/public_html/dlx_project/framework/base/CApplication.php(162): CWebApplication->processRequest()
#5 /home/Bagration/public_html/dlx_project/www/index.php(27): CWebApplication->run()
REQUEST_URI=/favicon.ico
in /home/Bagration/public_html/dlx_project/app/frontend/controllers/IndexController.php (4)
in /home/Bagration/public_html/dlx_project/www/index.php (27)
2012/09/26 09:16:05 [error] [php] include(Controller.php): failed to open stream: No such file or directory (/home/Bagration/public_html/dlx_project/framework/YiiBase.php:423)
Stack trace:
#0 /home/Bagration/public_html/dlx_project/app/frontend/controllers/IndexController.php(4): spl_autoload_call()
#1 /home/Bagration/public_html/dlx_project/framework/web/CWebApplication.php(355): require()
#2 /home/Bagration/public_html/dlx_project/framework/web/CWebApplication.php(277): CWebApplication->createController()
#3 /home/Bagration/public_html/dlx_project/framework/web/CWebApplication.php(142): CWebApplication->runController()
#4 /home/Bagration/public_html/dlx_project/framework/base/CApplication.php(162): CWebApplication->processRequest()
#5 /home/Bagration/public_html/dlx_project/www/index.php(27): CWebApplication->run()
REQUEST_URI=/favicon.ico
in /home/Bagration/public_html/dlx_project/app/frontend/controllers/IndexController.php (4)
in /home/Bagration/public_html/dlx_project/www/index.php (27)
2012/09/26 09:16:05 [error] [php] include(Controller.php): failed to open stream: No such file or directory (/home/Bagration/public_html/dlx_project/framework/YiiBase.php:423)
Stack trace:
#0 /home/Bagration/public_html/dlx_project/app/frontend/controllers/IndexController.php(4): spl_autoload_call()
#1 /home/Bagration/public_html/dlx_project/framework/web/CWebApplication.php(355): require()
#2 /home/Bagration/public_html/dlx_project/framework/web/CWebApplication.php(277): CWebApplication->createController()
#3 /home/Bagration/public_html/dlx_project/framework/web/CWebApplication.php(142): CWebApplication->runController()
#4 /home/Bagration/public_html/dlx_project/framework/base/CApplication.php(162): CWebApplication->processRequest()
#5 /home/Bagration/public_html/dlx_project/www/index.php(27): CWebApplication->run()
REQUEST_URI=/favicon.ico
in /home/Bagration/public_html/dlx_project/app/frontend/controllers/IndexController.php (4)
in /home/Bagration/public_html/dlx_project/www/index.php (27)
2012/09/26 09:16:05 [error] [php] include(Controller.php): failed to open stream: No such file or directory (/home/Bagration/public_html/dlx_project/framework/YiiBase.php:423)
Stack trace:
#0 /home/Bagration/public_html/dlx_project/app/frontend/controllers/IndexController.php(4): spl_autoload_call()
#1 /home/Bagration/public_html/dlx_project/framework/web/CWebApplication.php(355): require()
#2 /home/Bagration/public_html/dlx_project/framework/web/CWebApplication.php(277): CWebApplication->createController()
#3 /home/Bagration/public_html/dlx_project/framework/web/CWebApplication.php(142): CWebApplication->runController()
#4 /home/Bagration/public_html/dlx_project/framework/base/CApplication.php(162): CWebApplication->processRequest()
#5 /home/Bagration/public_html/dlx_project/www/index.php(27): CWebApplication->run()
REQUEST_URI=/favicon.ico
in /home/Bagration/public_html/dlx_project/app/frontend/controllers/IndexController.php (4)
in /home/Bagration/public_html/dlx_project/www/index.php (27)
